<?xml version="1.0" encoding="UTF-8"?>
<testsuite xmlns:xsi="http://www.w3.org/2001/XMLSchema-instance" xsi:noNamespaceSchemaLocation="https://maven.apache.org/surefire/maven-failsafe-plugin/xsd/failsafe-test-report-3.0.xsd" version="3.0" name="runner.MainTestRunner" time="61.892" tests="5" errors="0" skipped="0" failures="0">
  <properties>
[...]
</properties>
  <testcase name="the user logins unsuccessfully #1" classname="The user logins incorrect username and password" time="13.927">
    <system-out><![CDATA[21:46:51.067 [main] DEBUG n.t.c.u.PropertiesFileLocalPreferences - webdriver.autodownload=true
21:46:51.070 [main] DEBUG n.t.c.u.PropertiesFileLocalPreferences - serenity.restart.browser.for.each=scenario
21:46:51.070 [main] DEBUG n.t.c.u.PropertiesFileLocalPreferences - webdriver.driver=chrome
21:46:51.070 [main] DEBUG n.t.c.u.PropertiesFileLocalPreferences - serenity.console.colors=true
21:46:51.070 [main] DEBUG n.t.c.u.PropertiesFileLocalPreferences - webdriver.base.url=https://demo.guru99.com/v1
21:46:51.070 [main] DEBUG n.t.c.u.PropertiesFileLocalPreferences - serenity.take.screenshots=FOR_FAILURES
21:46:51.798 [main] INFO  i.c.core.plugin.SerenityReporter - Running feature from file:///C:/Users/ADMIN/Downloads/SerenityGuru99v1-20220422T181238Z-001/SerenityGuru99v1/src/test/resources/features/login/login_incorrect_username_password.feature
21:46:52.018 [main] DEBUG n.t.c.u.PropertiesFileLocalPreferences - webdriver.autodownload=true
21:46:52.018 [main] DEBUG n.t.c.u.PropertiesFileLocalPreferences - serenity.restart.browser.for.each=scenario
21:46:52.018 [main] DEBUG n.t.c.u.PropertiesFileLocalPreferences - webdriver.driver=chrome
21:46:52.018 [main] DEBUG n.t.c.u.PropertiesFileLocalPreferences - serenity.console.colors=true
21:46:52.018 [main] DEBUG n.t.c.u.PropertiesFileLocalPreferences - webdriver.base.url=https://demo.guru99.com/v1
21:46:52.018 [main] DEBUG n.t.c.u.PropertiesFileLocalPreferences - serenity.take.screenshots=FOR_FAILURES
21:46:52.026 [main] INFO   - &amp#27;[96m

-------------------------------------------------------------------------------------
     _______. _______ .______       _______ .__   __.  __  .___________.____    ____ 
    /       ||   ____||   _  \     |   ____||  \ |  | |  | |           |\   \  /   / 
   |   (----`|  |__   |  |_)  |    |  |__   |   \|  | |  | `---|  |----` \   \/   /  
    \   \    |   __|  |      /     |   __|  |  . `  | |  |     |  |       \_    _/   
.----)   |   |  |____ |  |\  \----.|  |____ |  |\   | |  |     |  |         |  |     
|_______/    |_______|| _| `._____||_______||__| \__| |__|     |__|         |__|    
                                                                                     
 News and tutorials at http://www.serenity-bdd.info                                  
 Documentation at https://wakaleo.gitbooks.io/the-serenity-book/content/             
 Join the Serenity Community on Gitter: https://gitter.im/serenity-bdd/serenity-core 
 Serenity BDD Support and Training at http://serenity-bdd.info/#/trainingandsupport  
-------------------------------------------------------------------------------------
&amp#27;[0m
21:46:52.031 [main] DEBUG n.thucydides.core.steps.StepEventBus - Test suite started for story net.thucydides.core.model.Story@4c58c7b3
21:46:52.034 [main] INFO   - Test Suite Started: The user logins incorrect username and password
21:46:52.076 [main] INFO  i.c.core.plugin.SerenityReporter - Running feature from file:///C:/Users/ADMIN/Downloads/SerenityGuru99v1-20220422T181238Z-001/SerenityGuru99v1/src/test/resources/features/login/login_success.feature
21:46:52.081 [main] DEBUG n.thucydides.core.steps.StepEventBus - Test suite started for story net.thucydides.core.model.Story@d3ed2c4b
21:46:52.082 [main] INFO   - Test Suite Started: The user logins successfully
21:46:52.315 [main] INFO  i.c.core.plugin.SerenityReporter - Running feature from file:///C:/Users/ADMIN/Downloads/SerenityGuru99v1-20220422T181238Z-001/SerenityGuru99v1/src/test/resources/features/login/login_incorrect_username_password.feature
21:46:52.436 [main] INFO   - 
  _____   ___   ___   _____     ___   _____     _     ___   _____   ___   ___  
 |_   _| | __| / __| |_   _|   / __| |_   _|   /_\   | _ \ |_   _| | __| |   \ 
   | |   | _|  \__ \   | |     \__ \   | |    / _ \  |   /   | |   | _|  | |) |
   |_|   |___| |___/   |_|     |___/   |_|   /_/ \_\ |_|_\   |_|   |___| |___/ 

the user logins unsuccessfully(the-user-logins-incorrect-username-and-password;the-user-logins-unsuccessfully)
--------------------------------------------------------------------------------
21:46:52.514 [main] DEBUG n.t.c.r.m.cucumber.CucumberParser - Added feature The user logins incorrect username and password
21:46:52.528 [main] DEBUG n.t.c.r.m.cucumber.CucumberParser - Added feature The user logins successfully
21:46:52.639 [main] DEBUG n.t.c.u.PropertiesFileLocalPreferences - webdriver.autodownload=true
21:46:52.640 [main] DEBUG n.t.c.u.PropertiesFileLocalPreferences - serenity.restart.browser.for.each=scenario
21:46:52.640 [main] DEBUG n.t.c.u.PropertiesFileLocalPreferences - webdriver.driver=chrome
21:46:52.640 [main] DEBUG n.t.c.u.PropertiesFileLocalPreferences - serenity.console.colors=true
21:46:52.640 [main] DEBUG n.t.c.u.PropertiesFileLocalPreferences - webdriver.base.url=https://demo.guru99.com/v1
21:46:52.640 [main] DEBUG n.t.c.u.PropertiesFileLocalPreferences - serenity.take.screenshots=FOR_FAILURES
21:46:52.688 [main] INFO  n.s.c.w.d.ChromeDriverProvider - Using automatically driver download
21:46:53.240 [main] DEBUG i.g.b.wdm.cache.ResolutionCache - Resolution chrome=100 in cache (valid until 22:34:44 25/04/2022 ICT)
21:46:53.241 [main] DEBUG i.g.b.wdm.cache.ResolutionCache - Resolution chrome100=100.0.4896.60 in cache (valid until 21:34:44 26/04/2022 ICT)
21:46:53.241 [main] INFO  i.g.bonigarcia.wdm.WebDriverManager - Using chromedriver 100.0.4896.60 (resolved driver for Chrome 100)
21:46:53.249 [main] DEBUG i.g.bonigarcia.wdm.WebDriverManager - Driver chromedriver 100.0.4896.60 found in cache
21:46:53.250 [main] INFO  i.g.bonigarcia.wdm.WebDriverManager - Exporting webdriver.chrome.driver as C:\Users\ADMIN\.cache\selenium\chromedriver\win32\100.0.4896.60\chromedriver.exe
21:46:53.840 [main] INFO  n.s.c.w.d.ProvideNewDriver - Instantiating driver
21:46:53.841 [main] INFO  n.s.c.w.d.ProvideNewDriver - Driver capabilities: Capabilities {acceptInsecureCerts: false, browserName: chrome, goog:chromeOptions: {args: [], extensions: []}, loggingPrefs: org.openqa.selenium.logging...}
21:47:01.251 [main] DEBUG n.t.core.steps.StepInterceptor - STARTING STEP: LoginStepDef.user_types_username_and_password - typeUsernameAndPassword
21:47:02.333 [main] DEBUG n.t.core.steps.StepInterceptor - STEP DONE: typeUsernameAndPassword
21:47:02.344 [main] DEBUG n.t.core.steps.StepInterceptor - STARTING STEP: LoginStepDef.user_presses_Enter_button - pressENTERFromPasswordField
21:47:04.003 [main] DEBUG n.t.core.steps.StepInterceptor - STEP DONE: pressENTERFromPasswordField
21:47:04.031 [main] DEBUG n.t.core.steps.StepInterceptor - STARTING STEP: LoginStepDef.the_windows_alert_is_shown_that_and_the_user_is_navigated_back_to_the_page - checkTheTitleAndAlertAfterLoggingUnsuccessfully
21:47:05.344 [main] DEBUG n.t.core.steps.StepInterceptor - STEP DONE: checkTheTitleAndAlertAfterLoggingUnsuccessfully
21:47:05.997 [main] INFO   - &amp#27;[92m
  _____   ___   ___   _____     ___     _     ___   ___   ___   ___  
 |_   _| | __| / __| |_   _|   | _ \   /_\   / __| / __| | __| |   \ 
   | |   | _|  \__ \   | |     |  _/  / _ \  \__ \ \__ \ | _|  | |) |
   |_|   |___| |___/   |_|     |_|   /_/ \_\ |___/ |___/ |___| |___/ 

the user logins unsuccessfully
----------------------------------------------------------------------&amp#27;[0m
]]></system-out>
    <system-err><![CDATA[Starting ChromeDriver 100.0.4896.60 (6a5d10861ce8de5fce22564658033b43cb7de047-refs/branch-heads/4896@{#875}) on port 3402
Only local connections are allowed.
Please see https://chromedriver.chromium.org/security-considerations for suggestions on keeping ChromeDriver safe.
ChromeDriver was started successfully.
Apr 25, 2022 9:46:55 PM org.openqa.selenium.remote.ProtocolHandshake createSession
INFO: Detected dialect: W3C
]]></system-err>
  </testcase>
  <testcase name="the user logins unsuccessfully #2" classname="The user logins incorrect username and password" time="11.498">
    <system-out><![CDATA[21:47:06.002 [main] INFO  i.c.core.plugin.SerenityReporter - Running feature from file:///C:/Users/ADMIN/Downloads/SerenityGuru99v1-20220422T181238Z-001/SerenityGuru99v1/src/test/resources/features/login/login_incorrect_username_password.feature
21:47:06.013 [main] DEBUG n.t.c.u.PropertiesFileLocalPreferences - webdriver.autodownload=true
21:47:06.014 [main] DEBUG n.t.c.u.PropertiesFileLocalPreferences - serenity.restart.browser.for.each=scenario
21:47:06.014 [main] DEBUG n.t.c.u.PropertiesFileLocalPreferences - webdriver.driver=chrome
21:47:06.014 [main] DEBUG n.t.c.u.PropertiesFileLocalPreferences - serenity.console.colors=true
21:47:06.014 [main] DEBUG n.t.c.u.PropertiesFileLocalPreferences - webdriver.base.url=https://demo.guru99.com/v1
21:47:06.014 [main] DEBUG n.t.c.u.PropertiesFileLocalPreferences - serenity.take.screenshots=FOR_FAILURES
21:47:06.015 [main] INFO  n.s.c.w.d.ChromeDriverProvider - Using automatically driver download
21:47:06.022 [main] DEBUG i.g.b.wdm.cache.ResolutionCache - Resolution chrome=100 in cache (valid until 22:34:44 25/04/2022 ICT)
21:47:06.023 [main] DEBUG i.g.b.wdm.cache.ResolutionCache - Resolution chrome100=100.0.4896.60 in cache (valid until 21:34:44 26/04/2022 ICT)
21:47:06.023 [main] INFO  i.g.bonigarcia.wdm.WebDriverManager - Using chromedriver 100.0.4896.60 (resolved driver for Chrome 100)
21:47:06.030 [main] DEBUG i.g.bonigarcia.wdm.WebDriverManager - Driver chromedriver 100.0.4896.60 found in cache
21:47:06.031 [main] INFO  i.g.bonigarcia.wdm.WebDriverManager - Exporting webdriver.chrome.driver as C:\Users\ADMIN\.cache\selenium\chromedriver\win32\100.0.4896.60\chromedriver.exe
21:47:06.293 [main] INFO  n.s.c.w.d.ProvideNewDriver - Instantiating driver
21:47:06.294 [main] INFO  n.s.c.w.d.ProvideNewDriver - Driver capabilities: Capabilities {acceptInsecureCerts: false, browserName: chrome, goog:chromeOptions: {args: [], extensions: []}, loggingPrefs: org.openqa.selenium.logging...}
21:47:13.031 [main] DEBUG n.t.core.steps.StepInterceptor - STARTING STEP: LoginStepDef.user_types_username_and_password - typeUsernameAndPassword
21:47:14.389 [main] DEBUG n.t.core.steps.StepInterceptor - STEP DONE: typeUsernameAndPassword
21:47:14.404 [main] DEBUG n.t.core.steps.StepInterceptor - STARTING STEP: LoginStepDef.user_presses_Enter_button - pressENTERFromPasswordField
21:47:15.224 [main] DEBUG n.t.core.steps.StepInterceptor - STEP DONE: pressENTERFromPasswordField
21:47:15.244 [main] DEBUG n.t.core.steps.StepInterceptor - STARTING STEP: LoginStepDef.the_windows_alert_is_shown_that_and_the_user_is_navigated_back_to_the_page - checkTheTitleAndAlertAfterLoggingUnsuccessfully
21:47:16.724 [main] DEBUG n.t.core.steps.StepInterceptor - STEP DONE: checkTheTitleAndAlertAfterLoggingUnsuccessfully
21:47:17.481 [main] INFO   - &amp#27;[92m
  _____   ___   ___   _____     ___     _     ___   ___   ___   ___  
 |_   _| | __| / __| |_   _|   | _ \   /_\   / __| / __| | __| |   \ 
   | |   | _|  \__ \   | |     |  _/  / _ \  \__ \ \__ \ | _|  | |) |
   |_|   |___| |___/   |_|     |_|   /_/ \_\ |___/ |___/ |___| |___/ 

the user logins unsuccessfully
----------------------------------------------------------------------&amp#27;[0m
]]></system-out>
    <system-err><![CDATA[Starting ChromeDriver 100.0.4896.60 (6a5d10861ce8de5fce22564658033b43cb7de047-refs/branch-heads/4896@{#875}) on port 29679
Only local connections are allowed.
Please see https://chromedriver.chromium.org/security-considerations for suggestions on keeping ChromeDriver safe.
ChromeDriver was started successfully.
Apr 25, 2022 9:47:07 PM org.openqa.selenium.remote.ProtocolHandshake createSession
INFO: Detected dialect: W3C
]]></system-err>
  </testcase>
  <testcase name="the user logins unsuccessfully #3" classname="The user logins incorrect username and password" time="12.472">
    <system-out><![CDATA[21:47:17.487 [main] INFO  i.c.core.plugin.SerenityReporter - Running feature from file:///C:/Users/ADMIN/Downloads/SerenityGuru99v1-20220422T181238Z-001/SerenityGuru99v1/src/test/resources/features/login/login_incorrect_username_password.feature
21:47:17.513 [main] DEBUG n.t.c.u.PropertiesFileLocalPreferences - webdriver.autodownload=true
21:47:17.513 [main] DEBUG n.t.c.u.PropertiesFileLocalPreferences - serenity.restart.browser.for.each=scenario
21:47:17.514 [main] DEBUG n.t.c.u.PropertiesFileLocalPreferences - webdriver.driver=chrome
21:47:17.514 [main] DEBUG n.t.c.u.PropertiesFileLocalPreferences - serenity.console.colors=true
21:47:17.514 [main] DEBUG n.t.c.u.PropertiesFileLocalPreferences - webdriver.base.url=https://demo.guru99.com/v1
21:47:17.514 [main] DEBUG n.t.c.u.PropertiesFileLocalPreferences - serenity.take.screenshots=FOR_FAILURES
21:47:17.515 [main] INFO  n.s.c.w.d.ChromeDriverProvider - Using automatically driver download
21:47:17.539 [main] DEBUG i.g.b.wdm.cache.ResolutionCache - Resolution chrome=100 in cache (valid until 22:34:44 25/04/2022 ICT)
21:47:17.540 [main] DEBUG i.g.b.wdm.cache.ResolutionCache - Resolution chrome100=100.0.4896.60 in cache (valid until 21:34:44 26/04/2022 ICT)
21:47:17.540 [main] INFO  i.g.bonigarcia.wdm.WebDriverManager - Using chromedriver 100.0.4896.60 (resolved driver for Chrome 100)
21:47:17.550 [main] DEBUG i.g.bonigarcia.wdm.WebDriverManager - Driver chromedriver 100.0.4896.60 found in cache
21:47:17.552 [main] INFO  i.g.bonigarcia.wdm.WebDriverManager - Exporting webdriver.chrome.driver as C:\Users\ADMIN\.cache\selenium\chromedriver\win32\100.0.4896.60\chromedriver.exe
21:47:18.120 [main] INFO  n.s.c.w.d.ProvideNewDriver - Instantiating driver
21:47:18.120 [main] INFO  n.s.c.w.d.ProvideNewDriver - Driver capabilities: Capabilities {acceptInsecureCerts: false, browserName: chrome, goog:chromeOptions: {args: [], extensions: []}, loggingPrefs: org.openqa.selenium.logging...}
21:47:24.805 [main] DEBUG n.t.core.steps.StepInterceptor - STARTING STEP: LoginStepDef.user_types_username_and_password - typeUsernameAndPassword
21:47:26.286 [main] DEBUG n.t.core.steps.StepInterceptor - STEP DONE: typeUsernameAndPassword
21:47:26.300 [main] DEBUG n.t.core.steps.StepInterceptor - STARTING STEP: LoginStepDef.user_presses_Enter_button - pressENTERFromPasswordField
21:47:27.712 [main] DEBUG n.t.core.steps.StepInterceptor - STEP DONE: pressENTERFromPasswordField
21:47:27.720 [main] DEBUG n.t.core.steps.StepInterceptor - STARTING STEP: LoginStepDef.the_windows_alert_is_shown_that_and_the_user_is_navigated_back_to_the_page - checkTheTitleAndAlertAfterLoggingUnsuccessfully
21:47:29.162 [main] DEBUG n.t.core.steps.StepInterceptor - STEP DONE: checkTheTitleAndAlertAfterLoggingUnsuccessfully
]]></system-out>
    <system-err><![CDATA[Starting ChromeDriver 100.0.4896.60 (6a5d10861ce8de5fce22564658033b43cb7de047-refs/branch-heads/4896@{#875}) on port 49147
Only local connections are allowed.
Please see https://chromedriver.chromium.org/security-considerations for suggestions on keeping ChromeDriver safe.
ChromeDriver was started successfully.
Apr 25, 2022 9:47:20 PM org.openqa.selenium.remote.ProtocolHandshake createSession
INFO: Detected dialect: W3C
]]></system-err>
  </testcase>
  <testcase name="the user logins unsuccessfully #4" classname="The user logins incorrect username and password" time="10.041">
    <system-out><![CDATA[21:47:29.891 [main] INFO  i.c.core.plugin.SerenityReporter - Running feature from file:///C:/Users/ADMIN/Downloads/SerenityGuru99v1-20220422T181238Z-001/SerenityGuru99v1/src/test/resources/features/login/login_incorrect_username_password.feature
21:47:29.926 [main] DEBUG n.t.c.u.PropertiesFileLocalPreferences - webdriver.autodownload=true
21:47:29.926 [main] DEBUG n.t.c.u.PropertiesFileLocalPreferences - serenity.restart.browser.for.each=scenario
21:47:29.926 [main] DEBUG n.t.c.u.PropertiesFileLocalPreferences - webdriver.driver=chrome
21:47:29.927 [main] DEBUG n.t.c.u.PropertiesFileLocalPreferences - serenity.console.colors=true
21:47:29.927 [main] DEBUG n.t.c.u.PropertiesFileLocalPreferences - webdriver.base.url=https://demo.guru99.com/v1
21:47:29.927 [main] DEBUG n.t.c.u.PropertiesFileLocalPreferences - serenity.take.screenshots=FOR_FAILURES
21:47:29.931 [main] INFO  n.s.c.w.d.ChromeDriverProvider - Using automatically driver download
21:47:29.970 [main] DEBUG i.g.b.wdm.cache.ResolutionCache - Resolution chrome=100 in cache (valid until 22:34:44 25/04/2022 ICT)
21:47:29.972 [main] DEBUG i.g.b.wdm.cache.ResolutionCache - Resolution chrome100=100.0.4896.60 in cache (valid until 21:34:44 26/04/2022 ICT)
21:47:29.972 [main] INFO  i.g.bonigarcia.wdm.WebDriverManager - Using chromedriver 100.0.4896.60 (resolved driver for Chrome 100)
21:47:29.994 [main] DEBUG i.g.bonigarcia.wdm.WebDriverManager - Driver chromedriver 100.0.4896.60 found in cache
21:47:29.997 [main] INFO  i.g.bonigarcia.wdm.WebDriverManager - Exporting webdriver.chrome.driver as C:\Users\ADMIN\.cache\selenium\chromedriver\win32\100.0.4896.60\chromedriver.exe
21:47:30.402 [main] INFO  n.s.c.w.d.ProvideNewDriver - Instantiating driver
21:47:30.402 [main] INFO  n.s.c.w.d.ProvideNewDriver - Driver capabilities: Capabilities {acceptInsecureCerts: false, browserName: chrome, goog:chromeOptions: {args: [], extensions: []}, loggingPrefs: org.openqa.selenium.logging...}
21:47:35.811 [main] DEBUG n.t.core.steps.StepInterceptor - STARTING STEP: LoginStepDef.user_types_username_and_password - typeUsernameAndPassword
21:47:36.636 [main] DEBUG n.t.core.steps.StepInterceptor - STEP DONE: typeUsernameAndPassword
21:47:36.641 [main] DEBUG n.t.core.steps.StepInterceptor - STARTING STEP: LoginStepDef.user_presses_Enter_button - pressENTERFromPasswordField
21:47:38.015 [main] DEBUG n.t.core.steps.StepInterceptor - STEP DONE: pressENTERFromPasswordField
21:47:38.030 [main] DEBUG n.t.core.steps.StepInterceptor - STARTING STEP: LoginStepDef.the_windows_alert_is_shown_that_and_the_user_is_navigated_back_to_the_page - checkTheTitleAndAlertAfterLoggingUnsuccessfully
21:47:39.256 [main] DEBUG n.t.core.steps.StepInterceptor - STEP DONE: checkTheTitleAndAlertAfterLoggingUnsuccessfully
]]></system-out>
    <system-err><![CDATA[Starting ChromeDriver 100.0.4896.60 (6a5d10861ce8de5fce22564658033b43cb7de047-refs/branch-heads/4896@{#875}) on port 45696
Only local connections are allowed.
Please see https://chromedriver.chromium.org/security-considerations for suggestions on keeping ChromeDriver safe.
ChromeDriver was started successfully.
Apr 25, 2022 9:47:31 PM org.openqa.selenium.remote.ProtocolHandshake createSession
INFO: Detected dialect: W3C
]]></system-err>
  </testcase>
  <testcase name="the user logins successfully" classname="The user logins successfully" time="9.752">
    <system-out><![CDATA[21:47:39.988 [main] INFO  i.c.core.plugin.SerenityReporter - Running feature from file:///C:/Users/ADMIN/Downloads/SerenityGuru99v1-20220422T181238Z-001/SerenityGuru99v1/src/test/resources/features/login/login_success.feature
21:47:39.995 [main] INFO   - 
  _____   ___   ___   _____     ___   _____     _     ___   _____   ___   ___  
 |_   _| | __| / __| |_   _|   / __| |_   _|   /_\   | _ \ |_   _| | __| |   \ 
   | |   | _|  \__ \   | |     \__ \   | |    / _ \  |   /   | |   | _|  | |) |
   |_|   |___| |___/   |_|     |___/   |_|   /_/ \_\ |_|_\   |_|   |___| |___/ 

the user logins successfully(the-user-logins-successfully;the-user-logins-successfully)
--------------------------------------------------------------------------------
21:47:40.021 [main] DEBUG n.t.c.u.PropertiesFileLocalPreferences - webdriver.autodownload=true
21:47:40.021 [main] DEBUG n.t.c.u.PropertiesFileLocalPreferences - serenity.restart.browser.for.each=scenario
21:47:40.021 [main] DEBUG n.t.c.u.PropertiesFileLocalPreferences - webdriver.driver=chrome
21:47:40.021 [main] DEBUG n.t.c.u.PropertiesFileLocalPreferences - serenity.console.colors=true
21:47:40.021 [main] DEBUG n.t.c.u.PropertiesFileLocalPreferences - webdriver.base.url=https://demo.guru99.com/v1
21:47:40.022 [main] DEBUG n.t.c.u.PropertiesFileLocalPreferences - serenity.take.screenshots=FOR_FAILURES
21:47:40.024 [main] INFO  n.s.c.w.d.ChromeDriverProvider - Using automatically driver download
21:47:40.041 [main] DEBUG i.g.b.wdm.cache.ResolutionCache - Resolution chrome=100 in cache (valid until 22:34:44 25/04/2022 ICT)
21:47:40.042 [main] DEBUG i.g.b.wdm.cache.ResolutionCache - Resolution chrome100=100.0.4896.60 in cache (valid until 21:34:44 26/04/2022 ICT)
21:47:40.043 [main] INFO  i.g.bonigarcia.wdm.WebDriverManager - Using chromedriver 100.0.4896.60 (resolved driver for Chrome 100)
21:47:40.047 [main] DEBUG i.g.bonigarcia.wdm.WebDriverManager - Driver chromedriver 100.0.4896.60 found in cache
21:47:40.048 [main] INFO  i.g.bonigarcia.wdm.WebDriverManager - Exporting webdriver.chrome.driver as C:\Users\ADMIN\.cache\selenium\chromedriver\win32\100.0.4896.60\chromedriver.exe
21:47:40.303 [main] INFO  n.s.c.w.d.ProvideNewDriver - Instantiating driver
21:47:40.304 [main] INFO  n.s.c.w.d.ProvideNewDriver - Driver capabilities: Capabilities {acceptInsecureCerts: false, browserName: chrome, goog:chromeOptions: {args: [], extensions: []}, loggingPrefs: org.openqa.selenium.logging...}
21:47:45.620 [main] DEBUG n.t.core.steps.StepInterceptor - STARTING STEP: LoginStepDef.user_types_username_and_password - typeUsernameAndPassword
21:47:46.684 [main] DEBUG n.t.core.steps.StepInterceptor - STEP DONE: typeUsernameAndPassword
21:47:46.694 [main] DEBUG n.t.core.steps.StepInterceptor - STARTING STEP: LoginStepDef.user_clicks_on_login_button - clickLoginButton
21:47:49.046 [main] DEBUG n.t.core.steps.StepInterceptor - STEP DONE: clickLoginButton
21:47:49.052 [main] DEBUG n.t.core.steps.StepInterceptor - STARTING STEP: LoginStepDef.the_page_is_opened - checkTheTitlePageAfterSuccessfullyLogging
21:47:49.084 [main] DEBUG n.t.core.steps.StepInterceptor - STEP DONE: checkTheTitlePageAfterSuccessfullyLogging
21:47:49.716 [main] INFO   - &amp#27;[92m
  _____   ___   ___   _____     ___     _     ___   ___   ___   ___  
 |_   _| | __| / __| |_   _|   | _ \   /_\   / __| / __| | __| |   \ 
   | |   | _|  \__ \   | |     |  _/  / _ \  \__ \ \__ \ | _|  | |) |
   |_|   |___| |___/   |_|     |_|   /_/ \_\ |___/ |___/ |___| |___/ 

the user logins successfully
----------------------------------------------------------------------&amp#27;[0m
]]></system-out>
    <system-err><![CDATA[Starting ChromeDriver 100.0.4896.60 (6a5d10861ce8de5fce22564658033b43cb7de047-refs/branch-heads/4896@{#875}) on port 44748
Only local connections are allowed.
Please see https://chromedriver.chromium.org/security-considerations for suggestions on keeping ChromeDriver safe.
ChromeDriver was started successfully.
Apr 25, 2022 9:47:41 PM org.openqa.selenium.remote.ProtocolHandshake createSession
INFO: Detected dialect: W3C
]]></system-err>
  </testcase>
</testsuite>